#
# There is insufficient memory for the Java Runtime Environment to continue.
# Native memory allocation (malloc) failed to allocate 2097152 bytes. Error detail: AllocateHeap
# Possible reasons:
#   The system is out of physical RAM or swap space
#   This process is running with CompressedOops enabled, and the Java Heap may be blocking the growth of the native heap
# Possible solutions:
#   Reduce memory load on the system
#   Increase physical memory or swap space
#   Check if swap backing store is full
#   Decrease Java heap size (-Xmx/-Xms)
#   Decrease number of Java threads
#   Decrease Java thread stack sizes (-Xss)
#   Set larger code cache with -XX:ReservedCodeCacheSize=
#   JVM is running with Unscaled Compressed Oops mode in which the Java heap is
#     placed in the first 4GB address space. The Java Heap base address is the
#     maximum limit for the native heap growth. Please use -XX:HeapBaseMinAddress
#     to set the Java Heap base and to place the Java Heap above 4GB virtual address.
# This output file may be truncated or incomplete.
#
#  Out of Memory Error (allocation.cpp:44), pid=36520, tid=25316
#
# JRE version: OpenJDK Runtime Environment Temurin-17.0.12+7 (17.0.12+7) (build 17.0.12+7)
# Java VM: OpenJDK 64-Bit Server VM Temurin-17.0.12+7 (17.0.12+7, mixed mode, emulated-client, tiered, compressed oops, compressed class ptrs, g1 gc, windows-amd64)
# No core dump will be written. Minidumps are not enabled by default on client versions of Windows
#

---------------  S U M M A R Y ------------

Command Line: -Xmx1024m -Dsts.lsp.client=vscode -Dsts.log.file=/dev/null -XX:TieredStopAtLevel=1 -Xlog:jni+resolve=off c:\Users\ADRI\.vscode\extensions\vmware.vscode-spring-boot-1.57.0\language-server\spring-boot-language-server-1.57.0-SNAPSHOT-exec.jar

Host: 13th Gen Intel(R) Core(TM) i7-13620H, 16 cores, 15G,  Windows 11 , 64 bit Build 22621 (10.0.22621.3958)
Time: Wed Oct  9 13:15:12 2024 Hora estándar oeste, Sudamérica elapsed time: 686240.236969 seconds (7d 22h 37m 20s)

---------------  T H R E A D  ---------------

Current thread (0x000001d45582e400):  VMThread "VM Thread" [stack: 0x00000097e4900000,0x00000097e4a00000] [id=25316]

Stack: [0x00000097e4900000,0x00000097e4a00000]
Native frames: (J=compiled Java code, j=interpreted, Vv=VM code, C=native code)
V  [jvm.dll+0x67f929]
V  [jvm.dll+0x8371ba]
V  [jvm.dll+0x838c7e]
V  [jvm.dll+0x8392e3]
V  [jvm.dll+0x24834f]
V  [jvm.dll+0xa70d3]
V  [jvm.dll+0x2f9101]
V  [jvm.dll+0x2f4d00]
V  [jvm.dll+0x2dd82f]
V  [jvm.dll+0x3201f7]
V  [jvm.dll+0x83d7dd]
V  [jvm.dll+0x83e522]
V  [jvm.dll+0x83ea4f]
V  [jvm.dll+0x83ee34]
V  [jvm.dll+0x83ef00]
V  [jvm.dll+0x7e65dc]
V  [jvm.dll+0x67e7f7]
C  [ucrtbase.dll+0x29333]
C  [KERNEL32.DLL+0x1257d]
C  [ntdll.dll+0x5af28]

VM_Operation (0x00000097e6ffe890): G1CollectFull, mode: safepoint, requested by thread 0x000001d45b041030


---------------  P R O C E S S  ---------------

Threads class SMR info:
_java_thread_list=0x000001d45c1e54b0, length=36, elements={
0x000001d455874030, 0x000001d455874e70, 0x000001d4558b6530, 0x000001d4558b8f10,
0x000001d4558b97e0, 0x000001d4558ba0b0, 0x000001d4558c2a40, 0x000001d4558c6850,
0x000001d4559f97a0, 0x000001d455a03010, 0x000001d45b041f60, 0x000001d45b041030,
0x000001d45b040610, 0x000001d45b040b20, 0x000001d45b041a50, 0x000001d45b040100,
0x000001d45b03f1d0, 0x000001d45b03f6e0, 0x000001d45b795910, 0x000001d45b7986a0,
0x000001d45b798bb0, 0x000001d45b794ef0, 0x000001d45b795400, 0x000001d45b795e20,
0x000001d45b79aa10, 0x000001d45b793fc0, 0x000001d45b7944d0, 0x000001d45b7949e0,
0x000001d45b796d50, 0x000001d45b797260, 0x000001d45b793090, 0x000001d45b7935a0,
0x000001d45b7995d0, 0x000001d45b793ab0, 0x000001d45b797c80, 0x000001d45b79a500
}

Java Threads: ( => current thread )
  0x000001d455874030 JavaThread "Reference Handler" daemon [_thread_blocked, id=20696, stack(0x00000097e4a00000,0x00000097e4b00000)]
  0x000001d455874e70 JavaThread "Finalizer" daemon [_thread_blocked, id=16748, stack(0x00000097e4b00000,0x00000097e4c00000)]
  0x000001d4558b6530 JavaThread "Signal Dispatcher" daemon [_thread_blocked, id=7456, stack(0x00000097e4c00000,0x00000097e4d00000)]
  0x000001d4558b8f10 JavaThread "Attach Listener" daemon [_thread_blocked, id=24696, stack(0x00000097e4d00000,0x00000097e4e00000)]
  0x000001d4558b97e0 JavaThread "Service Thread" daemon [_thread_blocked, id=21120, stack(0x00000097e4e00000,0x00000097e4f00000)]
  0x000001d4558ba0b0 JavaThread "Monitor Deflation Thread" daemon [_thread_blocked, id=29460, stack(0x00000097e4f00000,0x00000097e5000000)]
  0x000001d4558c2a40 JavaThread "C1 CompilerThread0" daemon [_thread_blocked, id=19108, stack(0x00000097e5000000,0x00000097e5100000)]
  0x000001d4558c6850 JavaThread "Sweeper thread" daemon [_thread_blocked, id=17928, stack(0x00000097e5100000,0x00000097e5200000)]
  0x000001d4559f97a0 JavaThread "Notification Thread" daemon [_thread_blocked, id=17904, stack(0x00000097e5300000,0x00000097e5400000)]
  0x000001d455a03010 JavaThread "Common-Cleaner" daemon [_thread_blocked, id=27848, stack(0x00000097e5500000,0x00000097e5600000)]
  0x000001d45b041f60 JavaThread "boundedElastic-evictor-1" daemon [_thread_blocked, id=28772, stack(0x00000097e6e00000,0x00000097e6f00000)]
  0x000001d45b041030 JavaThread "pool-13-thread-1" [_thread_blocked, id=30636, stack(0x00000097e6f00000,0x00000097e7000000)]
  0x000001d45b040610 JavaThread "LanguageServerApp-lifecycle" [_thread_blocked, id=10040, stack(0x00000097e7000000,0x00000097e7100000)]
  0x000001d45b040b20 JavaThread "DestroyJavaVM" [_thread_blocked, id=32220, stack(0x00000097e4300000,0x00000097e4400000)]
  0x000001d45b041a50 JavaThread "pool-14-thread-1" [_thread_in_native, id=6468, stack(0x00000097e7100000,0x00000097e7200000)]
  0x000001d45b040100 JavaThread "Simple-Language-Server main thread" daemon [_thread_blocked, id=14140, stack(0x00000097e7200000,0x00000097e7300000)]
  0x000001d45b03f1d0 JavaThread "pool-8-thread-1" [_thread_blocked, id=27508, stack(0x00000097e7600000,0x00000097e7700000)]
  0x000001d45b03f6e0 JavaThread "parallel-1" daemon [_thread_blocked, id=28272, stack(0x00000097e7700000,0x00000097e7800000)]
  0x000001d45b795910 JavaThread "parallel-2" daemon [_thread_blocked, id=9940, stack(0x00000097e7800000,0x00000097e7900000)]
  0x000001d45b7986a0 JavaThread "pool-6-thread-1" [_thread_blocked, id=24364, stack(0x00000097e7900000,0x00000097e7a00000)]
  0x000001d45b798bb0 JavaThread "parallel-3" daemon [_thread_blocked, id=25204, stack(0x00000097e7a00000,0x00000097e7b00000)]
  0x000001d45b794ef0 JavaThread "parallel-4" daemon [_thread_blocked, id=8812, stack(0x00000097e7b00000,0x00000097e7c00000)]
  0x000001d45b795400 JavaThread "Reconciler-1" daemon [_thread_blocked, id=9740, stack(0x00000097e7c00000,0x00000097e7d00000)]
  0x000001d45b795e20 JavaThread "parallel-5" daemon [_thread_blocked, id=33572, stack(0x00000097e4100000,0x00000097e4200000)]
  0x000001d45b79aa10 JavaThread "parallel-6" daemon [_thread_blocked, id=20176, stack(0x00000097e8400000,0x00000097e8500000)]
  0x000001d45b793fc0 JavaThread "parallel-7" daemon [_thread_blocked, id=23324, stack(0x00000097e8500000,0x00000097e8600000)]
  0x000001d45b7944d0 JavaThread "parallel-8" daemon [_thread_blocked, id=11760, stack(0x00000097e8600000,0x00000097e8700000)]
  0x000001d45b7949e0 JavaThread "parallel-9" daemon [_thread_blocked, id=29976, stack(0x00000097e5700000,0x00000097e5800000)]
  0x000001d45b796d50 JavaThread "CompletableFutureDelayScheduler" daemon [_thread_blocked, id=15372, stack(0x00000097e4000000,0x00000097e4100000)]
  0x000001d45b797260 JavaThread "parallel-10" daemon [_thread_blocked, id=17280, stack(0x00000097e4200000,0x00000097e4300000)]
  0x000001d45b793090 JavaThread "parallel-11" daemon [_thread_blocked, id=13728, stack(0x00000097e8000000,0x00000097e8100000)]
  0x000001d45b7935a0 JavaThread "parallel-12" daemon [_thread_blocked, id=25552, stack(0x00000097e6800000,0x00000097e6900000)]
  0x000001d45b7995d0 JavaThread "parallel-13" daemon [_thread_blocked, id=13776, stack(0x00000097e5d00000,0x00000097e5e00000)]
  0x000001d45b793ab0 JavaThread "parallel-14" daemon [_thread_blocked, id=3460, stack(0x00000097e6a00000,0x00000097e6b00000)]
  0x000001d45b797c80 JavaThread "parallel-15" daemon [_thread_blocked, id=31572, stack(0x00000097e6b00000,0x00000097e6c00000)]
  0x000001d45b79a500 JavaThread "parallel-16" daemon [_thread_blocked, id=17948, stack(0x00000097e6900000,0x00000097e6a00000)]

Other Threads:
=>0x000001d45582e400 VMThread "VM Thread" [stack: 0x00000097e4900000,0x00000097e4a00000] [id=25316]
  0x000001d4559f9c80 WatcherThread [stack: 0x00000097e5400000,0x00000097e5500000] [id=5060]
  0x000001d449f84d20 GCTaskThread "GC Thread#0" [stack: 0x00000097e4400000,0x00000097e4500000] [id=19952]
  0x000001d455bf3ab0 GCTaskThread "GC Thread#1" [stack: 0x00000097e5800000,0x00000097e5900000] [id=20904]
  0x000001d455bf3d70 GCTaskThread "GC Thread#2" [stack: 0x00000097e5900000,0x00000097e5a00000] [id=31184]
  0x000001d45a7c6b50 GCTaskThread "GC Thread#3" [stack: 0x00000097e5a00000,0x00000097e5b00000] [id=3528]
  0x000001d45a7c6e10 GCTaskThread "GC Thread#4" [stack: 0x00000097e5b00000,0x00000097e5c00000] [id=25940]
  0x000001d45a7c70d0 GCTaskThread "GC Thread#5" [stack: 0x00000097e5c00000,0x00000097e5d00000] [id=16780]
  0x000001d45acd3e30 GCTaskThread "GC Thread#6" [stack: 0x00000097e5e00000,0x00000097e5f00000] [id=27412]
  0x000001d45a719080 GCTaskThread "GC Thread#7" [stack: 0x00000097e6100000,0x00000097e6200000] [id=27916]
  0x000001d45a71a3c0 GCTaskThread "GC Thread#8" [stack: 0x00000097e6200000,0x00000097e6300000] [id=23616]
  0x000001d45a71a100 GCTaskThread "GC Thread#9" [stack: 0x00000097e6300000,0x00000097e6400000] [id=3544]
  0x000001d45a71a680 GCTaskThread "GC Thread#10" [stack: 0x00000097e6400000,0x00000097e6500000] [id=29996]
  0x000001d45a71a940 GCTaskThread "GC Thread#11" [stack: 0x00000097e6500000,0x00000097e6600000] [id=6180]
  0x000001d45a719e40 GCTaskThread "GC Thread#12" [stack: 0x00000097e6d00000,0x00000097e6e00000] [id=32992]
  0x000001d449f8eb20 ConcurrentGCThread "G1 Main Marker" [stack: 0x00000097e4500000,0x00000097e4600000] [id=33040]
  0x000001d449f8f3e0 ConcurrentGCThread "G1 Conc#0" [stack: 0x00000097e4600000,0x00000097e4700000] [id=29856]
  0x000001d45a719b80 ConcurrentGCThread "G1 Conc#1" [stack: 0x00000097e6600000,0x00000097e6700000] [id=20568]
  0x000001d45a719600 ConcurrentGCThread "G1 Conc#2" [stack: 0x00000097e6700000,0x00000097e6800000] [id=18352]
  0x000001d4556cf1f0 ConcurrentGCThread "G1 Refine#0" [stack: 0x00000097e4700000,0x00000097e4800000] [id=19000]
  0x000001d4556cf9d0 ConcurrentGCThread "G1 Service" [stack: 0x00000097e4800000,0x00000097e4900000] [id=35280]

Threads with active compile tasks:

VM state: at safepoint (normal execution)

VM Mutex/Monitor currently owned by a thread:  ([mutex/lock_event])
[0x000001d449f44000] Threads_lock - owner thread: 0x000001d45582e400
[0x000001d449f43280] Heap_lock - owner thread: 0x000001d45b041030

Heap address: 0x00000000c0000000, size: 1024 MB, Compressed Oops mode: 32-bit

CDS archive(s) not mapped
Compressed class space mapped at: 0x0000000100000000-0x0000000140000000, reserved size: 1073741824
Narrow klass base: 0x0000000000000000, Narrow klass shift: 3, Narrow klass range: 0x140000000

GC Precious Log:
 CPUs: 16 total, 16 available
 Memory: 16003M
 Large Page Support: Disabled
 NUMA Support: Disabled
 Compressed Oops: Enabled (32-bit)
 Heap Region Size: 1M
 Heap Min Capacity: 8M
 Heap Initial Capacity: 252M
 Heap Max Capacity: 1G
 Pre-touch: Disabled
 Parallel Workers: 13
 Concurrent Workers: 3
 Concurrent Refinement Workers: 13
 Periodic GC: Disabled

Heap:
 garbage-first heap   total 97280K, used 44175K [0x00000000c0000000, 0x0000000100000000)
  region size 1024K, 1 young (1024K), 0 survivors (0K)
 Metaspace       used 64040K, committed 64576K, reserved 1114112K
  class space    used 8251K, committed 8512K, reserved 1048576K

Heap Regions: E=young(eden), S=young(survivor), O=old, HS=humongous(starts), HC=humongous(continues), CS=collection set, F=free, OA=open archive, CA=closed archive, TAMS=top-at-mark-start (previous, next)
|   0|0x00000000c0000000, 0x00000000c0100000, 0x00000000c0100000|100%|HS|  |TAMS 0x00000000c0100000, 0x00000000c0000000| Untracked 
|   1|0x00000000c0100000, 0x00000000c0200000, 0x00000000c0200000|100%|HC|  |TAMS 0x00000000c0200000, 0x00000000c0100000| Untracked 
|   2|0x00000000c0200000, 0x00000000c0300000, 0x00000000c0300000|100%|HC|  |TAMS 0x00000000c0300000, 0x00000000c0200000| Untracked 
|   3|0x00000000c0300000, 0x00000000c0400000, 0x00000000c0400000|100%|HC|  |TAMS 0x00000000c0400000, 0x00000000c0300000| Untracked 
|   4|0x00000000c0400000, 0x00000000c0500000, 0x00000000c0500000|100%|HS|  |TAMS 0x00000000c0500000, 0x00000000c0400000| Untracked 
|   5|0x00000000c0500000, 0x00000000c0600000, 0x00000000c0600000|100%|HC|  |TAMS 0x00000000c0600000, 0x00000000c0500000| Untracked 
|   6|0x00000000c0600000, 0x00000000c0700000, 0x00000000c0700000|100%| O|  |TAMS 0x00000000c0700000, 0x00000000c0600000| Untracked 
|   7|0x00000000c0700000, 0x00000000c07fffe0, 0x00000000c0800000| 99%| O|  |TAMS 0x00000000c07fffe0, 0x00000000c0700000| Untracked 
|   8|0x00000000c0800000, 0x00000000c08ffff0, 0x00000000c0900000| 99%| O|  |TAMS 0x00000000c08ffff0, 0x00000000c0800000| Untracked 
|   9|0x00000000c0900000, 0x00000000c09ffff8, 0x00000000c0a00000| 99%| O|  |TAMS 0x00000000c09ffff8, 0x00000000c0900000| Untracked 
|  10|0x00000000c0a00000, 0x00000000c0b00000, 0x00000000c0b00000|100%| O|  |TAMS 0x00000000c0b00000, 0x00000000c0a00000| Untracked 
|  11|0x00000000c0b00000, 0x00000000c0bfffe8, 0x00000000c0c00000| 99%| O|  |TAMS 0x00000000c0bfffe8, 0x00000000c0b00000| Untracked 
|  12|0x00000000c0c00000, 0x00000000c0cffff8, 0x00000000c0d00000| 99%| O|  |TAMS 0x00000000c0cffff8, 0x00000000c0c00000| Untracked 
|  13|0x00000000c0d00000, 0x00000000c0dffff0, 0x00000000c0e00000| 99%| O|  |TAMS 0x00000000c0dffff0, 0x00000000c0d00000| Untracked 
|  14|0x00000000c0e00000, 0x00000000c0f00000, 0x00000000c0f00000|100%| O|  |TAMS 0x00000000c0f00000, 0x00000000c0e00000| Untracked 
|  15|0x00000000c0f00000, 0x00000000c0fff898, 0x00000000c1000000| 99%| O|  |TAMS 0x00000000c0fff898, 0x00000000c0f00000| Untracked 
|  16|0x00000000c1000000, 0x00000000c10f9b98, 0x00000000c1100000| 97%| O|  |TAMS 0x00000000c10f9b98, 0x00000000c1000000| Untracked 
|  17|0x00000000c1100000, 0x00000000c11fffe0, 0x00000000c1200000| 99%| O|  |TAMS 0x00000000c11fffe0, 0x00000000c1100000| Untracked 
|  18|0x00000000c1200000, 0x00000000c12ffff0, 0x00000000c1300000| 99%| O|  |TAMS 0x00000000c12ffff0, 0x00000000c1200000| Untracked 
|  19|0x00000000c1300000, 0x00000000c13fffe0, 0x00000000c1400000| 99%| O|  |TAMS 0x00000000c13fffe0, 0x00000000c1300000| Untracked 
|  20|0x00000000c1400000, 0x00000000c14ffff8, 0x00000000c1500000| 99%| O|  |TAMS 0x00000000c14ffff8, 0x00000000c1400000| Untracked 
|  21|0x00000000c1500000, 0x00000000c1600000, 0x00000000c1600000|100%| O|  |TAMS 0x00000000c1600000, 0x00000000c1500000| Untracked 
|  22|0x00000000c1600000, 0x00000000c16ffff0, 0x00000000c1700000| 99%| O|  |TAMS 0x00000000c16ffff0, 0x00000000c1600000| Untracked 
|  23|0x00000000c1700000, 0x00000000c17fffd8, 0x00000000c1800000| 99%| O|  |TAMS 0x00000000c17fffd8, 0x00000000c1700000| Untracked 
|  24|0x00000000c1800000, 0x00000000c18ffff8, 0x00000000c1900000| 99%| O|  |TAMS 0x00000000c18ffff8, 0x00000000c1800000| Untracked 
|  25|0x00000000c1900000, 0x00000000c1a00000, 0x00000000c1a00000|100%| O|  |TAMS 0x00000000c1a00000, 0x00000000c1900000| Untracked 
|  26|0x00000000c1a00000, 0x00000000c1afffc0, 0x00000000c1b00000| 99%| O|  |TAMS 0x00000000c1afffc0, 0x00000000c1a00000| Untracked 
|  27|0x00000000c1b00000, 0x00000000c1bffff8, 0x00000000c1c00000| 99%| O|  |TAMS 0x00000000c1bffff8, 0x00000000c1b00000| Untracked 
|  28|0x00000000c1c00000, 0x00000000c1cffff0, 0x00000000c1d00000| 99%| O|  |TAMS 0x00000000c1cffff0, 0x00000000c1c00000| Untracked 
|  29|0x00000000c1d00000, 0x00000000c1dfffc8, 0x00000000c1e00000| 99%| O|  |TAMS 0x00000000c1dfffc8, 0x00000000c1d00000| Untracked 
|  30|0x00000000c1e00000, 0x00000000c1effff0, 0x00000000c1f00000| 99%| O|  |TAMS 0x00000000c1effff0, 0x00000000c1e00000| Untracked 
|  31|0x00000000c1f00000, 0x00000000c1fffff0, 0x00000000c2000000| 99%| O|  |TAMS 0x00000000c1fffff0, 0x00000000c1f00000| Untracked 
|  32|0x00000000c2000000, 0x00000000c20ffff8, 0x00000000c2100000| 99%| O|  |TAMS 0x00000000c20ffff8, 0x00000000c2000000| Untracked 
|  33|0x00000000c2100000, 0x00000000c21fffe8, 0x00000000c2200000| 99%| O|  |TAMS 0x00000000c21fffe8, 0x00000000c2100000| Untracked 
|  34|0x00000000c2200000, 0x00000000c22f9ca8, 0x00000000c2300000| 97%| O|  |TAMS 0x00000000c22f9ca8, 0x00000000c2200000| Untracked 
|  35|0x00000000c2300000, 0x00000000c23ffff0, 0x00000000c2400000| 99%| O|  |TAMS 0x00000000c23ffff0, 0x00000000c2300000| Untracked 
|  36|0x00000000c2400000, 0x00000000c24fffa0, 0x00000000c2500000| 99%| O|  |TAMS 0x00000000c24fffa0, 0x00000000c2400000| Untracked 
|  37|0x00000000c2500000, 0x00000000c25fffc8, 0x00000000c2600000| 99%| O|  |TAMS 0x00000000c25fffc8, 0x00000000c2500000| Untracked 
|  38|0x00000000c2600000, 0x00000000c26fffd0, 0x00000000c2700000| 99%| O|  |TAMS 0x00000000c26fffd0, 0x00000000c2600000| Untracked 
|  39|0x00000000c2700000, 0x00000000c27fcc40, 0x00000000c2800000| 98%| O|  |TAMS 0x00000000c27fcc40, 0x00000000c2700000| Untracked 
|  40|0x00000000c2800000, 0x00000000c28fffc8, 0x00000000c2900000| 99%| O|  |TAMS 0x00000000c28fffc8, 0x00000000c2800000| Untracked 
|  41|0x00000000c2900000, 0x00000000c29344c0, 0x00000000c2a00000| 20%| O|  |TAMS 0x00000000c2900000, 0x00000000c2900000| Untracked 
|  42|0x00000000c2a00000, 0x00000000c2b00000, 0x00000000c2b00000|100%|HS|  |TAMS 0x00000000c2b00000, 0x00000000c2a00000| Untracked 
|  43|0x00000000c2b00000, 0x00000000c2b00000, 0x00000000c2c00000|  0%| F|  |TAMS 0x00000000c2b00000, 0x00000000c2b00000| Untracked 
|  44|0x00000000c2c00000, 0x00000000c2c00000, 0x00000000c2d00000|  0%| F|  |TAMS 0x00000000c2c00000, 0x00000000c2c00000| Untracked 
|  45|0x00000000c2d00000, 0x00000000c2d00000, 0x00000000c2e00000|  0%| F|  |TAMS 0x00000000c2d00000, 0x00000000c2d00000| Untracked 
|  46|0x00000000c2e00000, 0x00000000c2e00000, 0x00000000c2f00000|  0%| F|  |TAMS 0x00000000c2e00000, 0x00000000c2e00000| Untracked 
|  47|0x00000000c2f00000, 0x00000000c2f00000, 0x00000000c3000000|  0%| F|  |TAMS 0x00000000c2f00000, 0x00000000c2f00000| Untracked 
|  48|0x00000000c3000000, 0x00000000c3000000, 0x00000000c3100000|  0%| F|  |TAMS 0x00000000c3000000, 0x00000000c3000000| Untracked 
|  49|0x00000000c3100000, 0x00000000c3100000, 0x00000000c3200000|  0%| F|  |TAMS 0x00000000c3100000, 0x00000000c3100000| Untracked 
|  50|0x00000000c3200000, 0x00000000c3200000, 0x00000000c3300000|  0%| F|  |TAMS 0x00000000c3200000, 0x00000000c3200000| Untracked 
|  51|0x00000000c3300000, 0x00000000c3300000, 0x00000000c3400000|  0%| F|  |TAMS 0x00000000c3300000, 0x00000000c3300000| Untracked 
|  52|0x00000000c3400000, 0x00000000c3400000, 0x00000000c3500000|  0%| F|  |TAMS 0x00000000c3400000, 0x00000000c3400000| Untracked 
|  53|0x00000000c3500000, 0x00000000c3500000, 0x00000000c3600000|  0%| F|  |TAMS 0x00000000c3500000, 0x00000000c3500000| Untracked 
|  54|0x00000000c3600000, 0x00000000c3600000, 0x00000000c3700000|  0%| F|  |TAMS 0x00000000c3600000, 0x00000000c3600000| Untracked 
|  55|0x00000000c3700000, 0x00000000c3700000, 0x00000000c3800000|  0%| F|  |TAMS 0x00000000c3700000, 0x00000000c3700000| Untracked 
|  56|0x00000000c3800000, 0x00000000c3800000, 0x00000000c3900000|  0%| F|  |TAMS 0x00000000c3800000, 0x00000000c3800000| Untracked 
|  57|0x00000000c3900000, 0x00000000c3900000, 0x00000000c3a00000|  0%| F|  |TAMS 0x00000000c3900000, 0x00000000c3900000| Untracked 
|  58|0x00000000c3a00000, 0x00000000c3a00000, 0x00000000c3b00000|  0%| F|  |TAMS 0x00000000c3a00000, 0x00000000c3a00000| Untracked 
|  59|0x00000000c3b00000, 0x00000000c3b00000, 0x00000000c3c00000|  0%| F|  |TAMS 0x00000000c3b00000, 0x00000000c3b00000| Untracked 
|  60|0x00000000c3c00000, 0x00000000c3c00000, 0x00000000c3d00000|  0%| F|  |TAMS 0x00000000c3c00000, 0x00000000c3c00000| Untracked 
|  61|0x00000000c3d00000, 0x00000000c3d00000, 0x00000000c3e00000|  0%| F|  |TAMS 0x00000000c3d00000, 0x00000000c3d00000| Untracked 
|  62|0x00000000c3e00000, 0x00000000c3e00000, 0x00000000c3f00000|  0%| F|  |TAMS 0x00000000c3e00000, 0x00000000c3e00000| Untracked 
|  63|0x00000000c3f00000, 0x00000000c3f00000, 0x00000000c4000000|  0%| F|  |TAMS 0x00000000c3f00000, 0x00000000c3f00000| Untracked 
|  64|0x00000000c4000000, 0x00000000c4000000, 0x00000000c4100000|  0%| F|  |TAMS 0x00000000c4000000, 0x00000000c4000000| Untracked 
|  65|0x00000000c4100000, 0x00000000c4100000, 0x00000000c4200000|  0%| F|  |TAMS 0x00000000c4100000, 0x00000000c4100000| Untracked 
|  66|0x00000000c4200000, 0x00000000c4200000, 0x00000000c4300000|  0%| F|  |TAMS 0x00000000c4200000, 0x00000000c4200000| Untracked 
|  67|0x00000000c4300000, 0x00000000c4300000, 0x00000000c4400000|  0%| F|  |TAMS 0x00000000c4300000, 0x00000000c4300000| Untracked 
|  68|0x00000000c4400000, 0x00000000c4400000, 0x00000000c4500000|  0%| F|  |TAMS 0x00000000c4400000, 0x00000000c4400000| Untracked 
|  69|0x00000000c4500000, 0x00000000c4500000, 0x00000000c4600000|  0%| F|  |TAMS 0x00000000c4500000, 0x00000000c4500000| Untracked 
|  70|0x00000000c4600000, 0x00000000c4600000, 0x00000000c4700000|  0%| F|  |TAMS 0x00000000c4600000, 0x00000000c4600000| Untracked 
|  71|0x00000000c4700000, 0x00000000c4700000, 0x00000000c4800000|  0%| F|  |TAMS 0x00000000c4700000, 0x00000000c4700000| Untracked 
|  72|0x00000000c4800000, 0x00000000c4800000, 0x00000000c4900000|  0%| F|  |TAMS 0x00000000c4800000, 0x00000000c4800000| Untracked 
|  73|0x00000000c4900000, 0x00000000c4900000, 0x00000000c4a00000|  0%| F|  |TAMS 0x00000000c4900000, 0x00000000c4900000| Untracked 
|  74|0x00000000c4a00000, 0x00000000c4a00000, 0x00000000c4b00000|  0%| F|  |TAMS 0x00000000c4a00000, 0x00000000c4a00000| Untracked 
|  75|0x00000000c4b00000, 0x00000000c4b00000, 0x00000000c4c00000|  0%| F|  |TAMS 0x00000000c4b00000, 0x00000000c4b00000| Untracked 
|  76|0x00000000c4c00000, 0x00000000c4c00000, 0x00000000c4d00000|  0%| F|  |TAMS 0x00000000c4c00000, 0x00000000c4c00000| Untracked 
|  77|0x00000000c4d00000, 0x00000000c4d00000, 0x00000000c4e00000|  0%| F|  |TAMS 0x00000000c4d00000, 0x00000000c4d00000| Untracked 
|  78|0x00000000c4e00000, 0x00000000c4e00000, 0x00000000c4f00000|  0%| F|  |TAMS 0x00000000c4e00000, 0x00000000c4e00000| Untracked 
|  79|0x00000000c4f00000, 0x00000000c4f00000, 0x00000000c5000000|  0%| F|  |TAMS 0x00000000c4f00000, 0x00000000c4f00000| Untracked 
|  80|0x00000000c5000000, 0x00000000c5000000, 0x00000000c5100000|  0%| F|  |TAMS 0x00000000c5000000, 0x00000000c5000000| Untracked 
|  81|0x00000000c5100000, 0x00000000c5100000, 0x00000000c5200000|  0%| F|  |TAMS 0x00000000c5100000, 0x00000000c5100000| Untracked 
|  82|0x00000000c5200000, 0x00000000c5200000, 0x00000000c5300000|  0%| F|  |TAMS 0x00000000c5200000, 0x00000000c5200000| Untracked 
|  83|0x00000000c5300000, 0x00000000c5300000, 0x00000000c5400000|  0%| F|  |TAMS 0x00000000c5300000, 0x00000000c5300000| Untracked 
|  84|0x00000000c5400000, 0x00000000c5400000, 0x00000000c5500000|  0%| F|  |TAMS 0x00000000c5400000, 0x00000000c5400000| Untracked 
|  85|0x00000000c5500000, 0x00000000c5500000, 0x00000000c5600000|  0%| F|  |TAMS 0x00000000c5500000, 0x00000000c5500000| Untracked 
|  86|0x00000000c5600000, 0x00000000c5600000, 0x00000000c5700000|  0%| F|  |TAMS 0x00000000c5600000, 0x00000000c5600000| Untracked 
|  87|0x00000000c5700000, 0x00000000c5700000, 0x00000000c5800000|  0%| F|  |TAMS 0x00000000c5700000, 0x00000000c5700000| Untracked 
|  88|0x00000000c5800000, 0x00000000c5900000, 0x00000000c5900000|100%| O|  |TAMS 0x00000000c5900000, 0x00000000c5800000| Untracked 
| 222|0x00000000cde00000, 0x00000000cde00000, 0x00000000cdf00000|  0%| F|  |TAMS 0x00000000cde00000, 0x00000000cde00000| Untracked 
| 223|0x00000000cdf00000, 0x00000000cdf00000, 0x00000000ce000000|  0%| F|  |TAMS 0x00000000cdf00000, 0x00000000cdf00000| Untracked 
| 224|0x00000000ce000000, 0x00000000ce000000, 0x00000000ce100000|  0%| F|  |TAMS 0x00000000ce000000, 0x00000000ce000000| Untracked 
| 226|0x00000000ce200000, 0x00000000ce200000, 0x00000000ce300000|  0%| F|  |TAMS 0x00000000ce200000, 0x00000000ce200000| Untracked 
| 227|0x00000000ce300000, 0x00000000ce300000, 0x00000000ce400000|  0%| F|  |TAMS 0x00000000ce300000, 0x00000000ce300000| Untracked 
| 251|0x00000000cfb00000, 0x00000000cfb058a8, 0x00000000cfc00000|  2%| E|  |TAMS 0x00000000cfb00000, 0x00000000cfb00000| Complete 

Card table byte_map: [0x000001d450440000,0x000001d450640000] _byte_map_base: 0x000001d44fe40000

Marking Bits (Prev, Next): (CMBitMap*) 0x000001d449f86230, (CMBitMap*) 0x000001d449f861f0
 Prev Bits: [0x000001d451840000, 0x000001d452840000)
 Next Bits: [0x000001d450840000, 0x000001d451840000)

Polling page: 0x000001d447d40000

Metaspace:

Usage:
  Non-class:     54.48 MB used.
      Class:      8.06 MB used.
       Both:     62.54 MB used.

Virtual space:
  Non-class space:       64.00 MB reserved,      54.75 MB ( 86%) committed,  1 nodes.
      Class space:        1.00 GB reserved,       8.31 MB ( <1%) committed,  1 nodes.
             Both:        1.06 GB reserved,      63.06 MB (  6%) committed. 

Chunk freelists:
   Non-Class:  9.03 MB
       Class:  7.76 MB
        Both:  16.79 MB

MaxMetaspaceSize: unlimited
CompressedClassSpaceSize: 1.00 GB
Initial GC threshold: 21.00 MB
Current GC threshold: 104.94 MB
CDS: off
MetaspaceReclaimPolicy: balanced
 - commit_granule_bytes: 65536.
 - commit_granule_words: 8192.
 - virtual_space_node_default_size: 8388608.
 - enlarge_chunks_in_place: 1.
 - new_chunks_are_fully_committed: 0.
 - uncommit_free_chunks: 1.
 - use_allocation_guard: 0.
 - handle_deallocations: 1.


Internal statistics:

num_allocs_failed_limit: 6.
num_arena_births: 1256.
num_arena_deaths: 702.
num_vsnodes_births: 2.
num_vsnodes_deaths: 0.
num_space_committed: 1012.
num_space_uncommitted: 4.
num_chunks_returned_to_freelist: 904.
num_chunks_taken_from_freelist: 3621.
num_chunk_merges: 323.
num_chunk_splits: 2197.
num_chunks_enlarged: 1498.
num_inconsistent_stats: 0.

CodeCache: size=49152Kb used=24662Kb max_used=26260Kb free=24489Kb
 bounds [0x000001d44cbe0000, 0x000001d44e5e0000, 0x000001d44fbe0000]
 total_blobs=13348 nmethods=12687 adapters=585
 compilation: enabled
              stopped_count=0, restarted_count=0
 full_count=0

Compilation events (20 events):
Event: 682840.802 Thread 0x000001d4558c2a40 12880       1       org.eclipse.jdt.internal.compiler.lookup.IntersectionTypeBinding18::collectInferenceVariables (35 bytes)
Event: 682840.802 Thread 0x000001d4558c2a40 nmethod 12880 0x000001d44e3f7b10 code [0x000001d44e3f7ca0, 0x000001d44e3f7de8]
Event: 683691.261 Thread 0x000001d4558c2a40 12881       1       org.eclipse.jdt.internal.compiler.lookup.TypeSystem::getIntersectionType18 (154 bytes)
Event: 683691.271 Thread 0x000001d4558c2a40 nmethod 12881 0x000001d44e3f7110 code [0x000001d44e3f7320, 0x000001d44e3f7788]
Event: 683691.272 Thread 0x000001d4558c2a40 12882       1       org.eclipse.jdt.internal.compiler.lookup.IntersectionTypeBinding18::<init> (49 bytes)
Event: 683691.288 Thread 0x000001d4558c2a40 nmethod 12882 0x000001d44e3f6b10 code [0x000001d44e3f6cc0, 0x000001d44e3f6f98]
Event: 685133.750 Thread 0x000001d4558c2a40 12883   !   1       org.eclipse.jdt.internal.compiler.ast.SwitchStatement::resolve (1566 bytes)
Event: 685133.819 Thread 0x000001d4558c2a40 nmethod 12883 0x000001d44e3ef810 code [0x000001d44e3efe80, 0x000001d44e3f2e28]
Event: 685164.699 Thread 0x000001d4558c2a40 12884       1       org.eclipse.jdt.internal.compiler.parser.Parser::consumeEqualityExpression (58 bytes)
Event: 685164.699 Thread 0x000001d4558c2a40 nmethod 12884 0x000001d44e3ef210 code [0x000001d44e3ef3c0, 0x000001d44e3ef668]
Event: 685164.699 Thread 0x000001d4558c2a40 12885       1       org.eclipse.jdt.internal.compiler.ast.EqualExpression::<init> (8 bytes)
Event: 685164.699 Thread 0x000001d4558c2a40 nmethod 12885 0x000001d44e3eef10 code [0x000001d44e3ef0a0, 0x000001d44e3ef188]
Event: 685164.706 Thread 0x000001d4558c2a40 12886       1       org.eclipse.jdt.internal.compiler.lookup.WildcardBinding::boundCheck (99 bytes)
Event: 685164.706 Thread 0x000001d4558c2a40 nmethod 12886 0x000001d44e3ee810 code [0x000001d44e3eea00, 0x000001d44e3eed08]
Event: 685164.706 Thread 0x000001d4558c2a40 12887   !   1       org.eclipse.jdt.internal.compiler.ast.MessageSend::isBoxingCompatibleWith (211 bytes)
Event: 685164.710 Thread 0x000001d4558c2a40 nmethod 12887 0x000001d44e3ed910 code [0x000001d44e3edb80, 0x000001d44e3ee398]
Event: 685164.710 Thread 0x000001d4558c2a40 12888       1       org.eclipse.jdt.internal.compiler.ast.EqualExpression::resolveType (933 bytes)
Event: 685164.714 Thread 0x000001d4558c2a40 nmethod 12888 0x000001d44e3eae90 code [0x000001d44e3eb320, 0x000001d44e3ecaf8]
Event: 685164.714 Thread 0x000001d4558c2a40 12889       1       org.eclipse.jdt.core.dom.ASTConverter::convert (119 bytes)
Event: 685164.720 Thread 0x000001d4558c2a40 nmethod 12889 0x000001d44e3ea410 code [0x000001d44e3ea640, 0x000001d44e3eab48]

GC Heap History (20 events):
Event: 686137.649 GC heap after
{Heap after GC invocations=13003 (full 12651):
 garbage-first heap   total 97280K, used 44175K [0x00000000c0000000, 0x0000000100000000)
  region size 1024K, 0 young (0K), 0 survivors (0K)
 Metaspace       used 64040K, committed 64576K, reserved 1114112K
  class space    used 8251K, committed 8512K, reserved 1048576K
}
Event: 686147.880 GC heap before
{Heap before GC invocations=13003 (full 12651):
 garbage-first heap   total 97280K, used 44175K [0x00000000c0000000, 0x0000000100000000)
  region size 1024K, 1 young (1024K), 0 survivors (0K)
 Metaspace       used 64040K, committed 64576K, reserved 1114112K
  class space    used 8251K, committed 8512K, reserved 1048576K
}
Event: 686147.932 GC heap after
{Heap after GC invocations=13004 (full 12652):
 garbage-first heap   total 97280K, used 44175K [0x00000000c0000000, 0x0000000100000000)
  region size 1024K, 0 young (0K), 0 survivors (0K)
 Metaspace       used 64040K, committed 64576K, reserved 1114112K
  class space    used 8251K, committed 8512K, reserved 1048576K
}
Event: 686158.172 GC heap before
{Heap before GC invocations=13004 (full 12652):
 garbage-first heap   total 97280K, used 44175K [0x00000000c0000000, 0x0000000100000000)
  region size 1024K, 1 young (1024K), 0 survivors (0K)
 Metaspace       used 64040K, committed 64576K, reserved 1114112K
  class space    used 8251K, committed 8512K, reserved 1048576K
}
Event: 686158.226 GC heap after
{Heap after GC invocations=13005 (full 12653):
 garbage-first heap   total 97280K, used 44175K [0x00000000c0000000, 0x0000000100000000)
  region size 1024K, 0 young (0K), 0 survivors (0K)
 Metaspace       used 64040K, committed 64576K, reserved 1114112K
  class space    used 8251K, committed 8512K, reserved 1048576K
}
Event: 686168.451 GC heap before
{Heap before GC invocations=13005 (full 12653):
 garbage-first heap   total 97280K, used 44175K [0x00000000c0000000, 0x0000000100000000)
  region size 1024K, 1 young (1024K), 0 survivors (0K)
 Metaspace       used 64040K, committed 64576K, reserved 1114112K
  class space    used 8251K, committed 8512K, reserved 1048576K
}
Event: 686168.487 GC heap after
{Heap after GC invocations=13006 (full 12654):
 garbage-first heap   total 97280K, used 44175K [0x00000000c0000000, 0x0000000100000000)
  region size 1024K, 0 young (0K), 0 survivors (0K)
 Metaspace       used 64040K, committed 64576K, reserved 1114112K
  class space    used 8251K, committed 8512K, reserved 1048576K
}
Event: 686178.813 GC heap before
{Heap before GC invocations=13006 (full 12654):
 garbage-first heap   total 97280K, used 44175K [0x00000000c0000000, 0x0000000100000000)
  region size 1024K, 1 young (1024K), 0 survivors (0K)
 Metaspace       used 64040K, committed 64576K, reserved 1114112K
  class space    used 8251K, committed 8512K, reserved 1048576K
}
Event: 686178.857 GC heap after
{Heap after GC invocations=13007 (full 12655):
 garbage-first heap   total 97280K, used 44175K [0x00000000c0000000, 0x0000000100000000)
  region size 1024K, 0 young (0K), 0 survivors (0K)
 Metaspace       used 64040K, committed 64576K, reserved 1114112K
  class space    used 8251K, committed 8512K, reserved 1048576K
}
Event: 686189.092 GC heap before
{Heap before GC invocations=13007 (full 12655):
 garbage-first heap   total 97280K, used 44175K [0x00000000c0000000, 0x0000000100000000)
  region size 1024K, 1 young (1024K), 0 survivors (0K)
 Metaspace       used 64040K, committed 64576K, reserved 1114112K
  class space    used 8251K, committed 8512K, reserved 1048576K
}
Event: 686189.135 GC heap after
{Heap after GC invocations=13008 (full 12656):
 garbage-first heap   total 97280K, used 44175K [0x00000000c0000000, 0x0000000100000000)
  region size 1024K, 0 young (0K), 0 survivors (0K)
 Metaspace       used 64040K, committed 64576K, reserved 1114112K
  class space    used 8251K, committed 8512K, reserved 1048576K
}
Event: 686199.367 GC heap before
{Heap before GC invocations=13008 (full 12656):
 garbage-first heap   total 97280K, used 44175K [0x00000000c0000000, 0x0000000100000000)
  region size 1024K, 1 young (1024K), 0 survivors (0K)
 Metaspace       used 64040K, committed 64576K, reserved 1114112K
  class space    used 8251K, committed 8512K, reserved 1048576K
}
Event: 686199.396 GC heap after
{Heap after GC invocations=13009 (full 12657):
 garbage-first heap   total 97280K, used 44175K [0x00000000c0000000, 0x0000000100000000)
  region size 1024K, 0 young (0K), 0 survivors (0K)
 Metaspace       used 64040K, committed 64576K, reserved 1114112K
  class space    used 8251K, committed 8512K, reserved 1048576K
}
Event: 686209.641 GC heap before
{Heap before GC invocations=13009 (full 12657):
 garbage-first heap   total 97280K, used 44175K [0x00000000c0000000, 0x0000000100000000)
  region size 1024K, 1 young (1024K), 0 survivors (0K)
 Metaspace       used 64040K, committed 64576K, reserved 1114112K
  class space    used 8251K, committed 8512K, reserved 1048576K
}
Event: 686209.676 GC heap after
{Heap after GC invocations=13010 (full 12658):
 garbage-first heap   total 97280K, used 44175K [0x00000000c0000000, 0x0000000100000000)
  region size 1024K, 0 young (0K), 0 survivors (0K)
 Metaspace       used 64040K, committed 64576K, reserved 1114112K
  class space    used 8251K, committed 8512K, reserved 1048576K
}
Event: 686219.927 GC heap before
{Heap before GC invocations=13010 (full 12658):
 garbage-first heap   total 97280K, used 44175K [0x00000000c0000000, 0x0000000100000000)
  region size 1024K, 1 young (1024K), 0 survivors (0K)
 Metaspace       used 64040K, committed 64576K, reserved 1114112K
  class space    used 8251K, committed 8512K, reserved 1048576K
}
Event: 686219.962 GC heap after
{Heap after GC invocations=13011 (full 12659):
 garbage-first heap   total 97280K, used 44175K [0x00000000c0000000, 0x0000000100000000)
  region size 1024K, 0 young (0K), 0 survivors (0K)
 Metaspace       used 64040K, committed 64576K, reserved 1114112K
  class space    used 8251K, committed 8512K, reserved 1048576K
}
Event: 686230.150 GC heap before
{Heap before GC invocations=13011 (full 12659):
 garbage-first heap   total 97280K, used 44175K [0x00000000c0000000, 0x0000000100000000)
  region size 1024K, 1 young (1024K), 0 survivors (0K)
 Metaspace       used 64040K, committed 64576K, reserved 1114112K
  class space    used 8251K, committed 8512K, reserved 1048576K
}
Event: 686230.187 GC heap after
{Heap after GC invocations=13012 (full 12660):
 garbage-first heap   total 97280K, used 44175K [0x00000000c0000000, 0x0000000100000000)
  region size 1024K, 0 young (0K), 0 survivors (0K)
 Metaspace       used 64040K, committed 64576K, reserved 1114112K
  class space    used 8251K, committed 8512K, reserved 1048576K
}
Event: 686240.222 GC heap before
{Heap before GC invocations=13012 (full 12660):
 garbage-first heap   total 97280K, used 44175K [0x00000000c0000000, 0x0000000100000000)
  region size 1024K, 1 young (1024K), 0 survivors (0K)
 Metaspace       used 64040K, committed 64576K, reserved 1114112K
  class space    used 8251K, committed 8512K, reserved 1048576K
}

Dll operation events (10 events):
Event: 0.008 Loaded shared library c:\Users\ADRI\.vscode\extensions\redhat.java-1.35.1-win32-x64\jre\17.0.12-win32-x86_64\bin\java.dll
Event: 0.144 Loaded shared library C:\Users\ADRI\.vscode\extensions\redhat.java-1.35.1-win32-x64\jre\17.0.12-win32-x86_64\bin\net.dll
Event: 0.147 Loaded shared library C:\Users\ADRI\.vscode\extensions\redhat.java-1.35.1-win32-x64\jre\17.0.12-win32-x86_64\bin\nio.dll
Event: 0.164 Loaded shared library C:\Users\ADRI\.vscode\extensions\redhat.java-1.35.1-win32-x64\jre\17.0.12-win32-x86_64\bin\zip.dll
Event: 23.433 Loaded shared library C:\Users\ADRI\.vscode\extensions\redhat.java-1.35.1-win32-x64\jre\17.0.12-win32-x86_64\bin\jimage.dll
Event: 25.366 Loaded shared library c:\Users\ADRI\.vscode\extensions\redhat.java-1.35.1-win32-x64\jre\17.0.12-win32-x86_64\bin\verify.dll
Event: 28.442 Loaded shared library C:\Users\ADRI\.vscode\extensions\redhat.java-1.35.1-win32-x64\jre\17.0.12-win32-x86_64\bin\management.dll
Event: 28.450 Loaded shared library C:\Users\ADRI\.vscode\extensions\redhat.java-1.35.1-win32-x64\jre\17.0.12-win32-x86_64\bin\management_ext.dll
Event: 33.983 Loaded shared library C:\Users\ADRI\.vscode\extensions\redhat.java-1.35.1-win32-x64\jre\17.0.12-win32-x86_64\bin\sunmscapi.dll
Event: 34.032 Loaded shared library C:\Users\ADRI\.vscode\extensions\redhat.java-1.35.1-win32-x64\jre\17.0.12-win32-x86_64\bin\extnet.dll

Deoptimization events (20 events):
Event: 89.494 Thread 0x000001d45b7986a0 DEOPT PACKING pc=0x000001d44d5c770c sp=0x00000097e79fe1e0
Event: 89.494 Thread 0x000001d45b7986a0 DEOPT UNPACKING pc=0x000001d44cc37143 sp=0x00000097e79fd748 mode 0
Event: 89.494 Thread 0x000001d45b7986a0 DEOPT PACKING pc=0x000001d44d63304c sp=0x00000097e79fe310
Event: 89.494 Thread 0x000001d45b7986a0 DEOPT UNPACKING pc=0x000001d44cc37143 sp=0x00000097e79fd808 mode 0
Event: 89.509 Thread 0x000001d45b7986a0 DEOPT PACKING pc=0x000001d44d5c770c sp=0x00000097e79fe680
Event: 89.509 Thread 0x000001d45b7986a0 DEOPT UNPACKING pc=0x000001d44cc37143 sp=0x00000097e79fdbe8 mode 0
Event: 89.509 Thread 0x000001d45b7986a0 DEOPT PACKING pc=0x000001d44d63304c sp=0x00000097e79fe7b0
Event: 89.509 Thread 0x000001d45b7986a0 DEOPT UNPACKING pc=0x000001d44cc37143 sp=0x00000097e79fdca8 mode 0
Event: 218.673 Thread 0x000001d45b041a50 DEOPT PACKING pc=0x000001d44d237354 sp=0x00000097e71fec70
Event: 218.673 Thread 0x000001d45b041a50 DEOPT UNPACKING pc=0x000001d44cc37143 sp=0x00000097e71fe0f8 mode 0
Event: 85295.510 Thread 0x000001d45b796840 DEOPT PACKING pc=0x000001d44d7d7a84 sp=0x00000097e5ffd5f0
Event: 85295.511 Thread 0x000001d45b796840 DEOPT UNPACKING pc=0x000001d44cc37143 sp=0x00000097e5ffca68 mode 0
Event: 94076.147 Thread 0x000001d45b798190 DEOPT PACKING pc=0x000001d44daee194 sp=0x00000097e5ffdd30
Event: 94076.147 Thread 0x000001d45b798190 DEOPT UNPACKING pc=0x000001d44cc37143 sp=0x00000097e5ffd280 mode 0
Event: 94668.534 Thread 0x000001d45b797770 DEOPT PACKING pc=0x000001d44d9f0634 sp=0x00000097e56fdd30
Event: 94668.534 Thread 0x000001d45b797770 DEOPT UNPACKING pc=0x000001d44cc37143 sp=0x00000097e56fd280 mode 0
Event: 94756.853 Thread 0x000001d45b797770 DEOPT PACKING pc=0x000001d44df48b94 sp=0x00000097e56fdf30
Event: 94756.853 Thread 0x000001d45b797770 DEOPT UNPACKING pc=0x000001d44cc37143 sp=0x00000097e56fd468 mode 0
Event: 588805.929 Thread 0x000001d45c5fe090 DEOPT PACKING pc=0x000001d44d957b26 sp=0x00000097e52fe070
Event: 588805.929 Thread 0x000001d45c5fe090 DEOPT UNPACKING pc=0x000001d44cc37143 sp=0x00000097e52fd5f8 mode 0

Classes loaded (20 events):
Event: 94756.816 Loading class java/util/stream/SpinedBuffer$OfInt done
Event: 94756.816 Loading class java/util/stream/Nodes$IntSpinedNodeBuilder done
Event: 163771.530 Loading class sun/util/resources/LocaleData$CommonResourceBundleProvider
Event: 163771.532 Loading class sun/util/resources/LocaleData$LocaleDataResourceBundleProvider
Event: 163771.532 Loading class java/util/spi/ResourceBundleProvider
Event: 163771.533 Loading class java/util/spi/ResourceBundleProvider done
Event: 163771.533 Loading class sun/util/resources/LocaleData$LocaleDataResourceBundleProvider done
Event: 163771.533 Loading class sun/util/resources/LocaleData$CommonResourceBundleProvider done
Event: 163771.536 Loading class java/util/ArrayList$SubList$1
Event: 163771.538 Loading class java/util/ArrayList$SubList$1 done
Event: 163771.539 Loading class sun/util/resources/Bundles$2
Event: 163771.540 Loading class sun/util/resources/Bundles$2 done
Event: 163771.561 Loading class java/util/stream/ReduceOps$7
Event: 163771.562 Loading class java/util/stream/ReduceOps$7 done
Event: 163771.562 Loading class java/util/stream/ReduceOps$6ReducingSink
Event: 163771.562 Loading class java/util/stream/ReduceOps$6ReducingSink done
Event: 503022.872 Loading class java/util/concurrent/locks/AbstractQueuedSynchronizer$SharedNode
Event: 503022.873 Loading class java/util/concurrent/locks/AbstractQueuedSynchronizer$SharedNode done
Event: 503023.110 Loading class java/io/CharArrayWriter
Event: 503023.111 Loading class java/io/CharArrayWriter done

Classes unloaded (20 events):
Event: 591581.197 Thread 0x000001d45582e400 Unloading class 0x000000010083b400 'jdk/internal/reflect/GeneratedConstructorAccessor119'
Event: 591581.197 Thread 0x000001d45582e400 Unloading class 0x000000010083b000 'jdk/internal/reflect/GeneratedMethodAccessor116'
Event: 591581.197 Thread 0x000001d45582e400 Unloading class 0x0000000100839c00 'jdk/internal/reflect/GeneratedMethodAccessor115'
Event: 591581.197 Thread 0x000001d45582e400 Unloading class 0x0000000100839800 'jdk/internal/reflect/GeneratedMethodAccessor114'
Event: 678697.313 Thread 0x000001d45582e400 Unloading class 0x000000010083b800 'jdk/internal/reflect/GeneratedMethodAccessor119'
Event: 678697.313 Thread 0x000001d45582e400 Unloading class 0x00000001007e0400 'jdk/internal/reflect/GeneratedConstructorAccessor122'
Event: 678697.313 Thread 0x000001d45582e400 Unloading class 0x0000000100821c00 'jdk/internal/reflect/GeneratedConstructorAccessor121'
Event: 680682.698 Thread 0x000001d45582e400 Unloading class 0x000000010083a800 'jdk/internal/reflect/GeneratedMethodAccessor125'
Event: 680682.709 Thread 0x000001d45582e400 Unloading class 0x000000010083a400 'jdk/internal/reflect/GeneratedConstructorAccessor126'
Event: 680682.709 Thread 0x000001d45582e400 Unloading class 0x000000010083a000 'jdk/internal/reflect/GeneratedMethodAccessor124'
Event: 680682.709 Thread 0x000001d45582e400 Unloading class 0x0000000100839c00 'jdk/internal/reflect/GeneratedConstructorAccessor125'
Event: 680682.709 Thread 0x000001d45582e400 Unloading class 0x0000000100839800 'jdk/internal/reflect/GeneratedMethodAccessor123'
Event: 680682.709 Thread 0x000001d45582e400 Unloading class 0x000000010083b400 'jdk/internal/reflect/GeneratedMethodAccessor122'
Event: 680682.709 Thread 0x000001d45582e400 Unloading class 0x000000010083b000 'jdk/internal/reflect/GeneratedMethodAccessor121'
Event: 680682.709 Thread 0x000001d45582e400 Unloading class 0x0000000100821c00 'jdk/internal/reflect/GeneratedMethodAccessor120'
Event: 680682.709 Thread 0x000001d45582e400 Unloading class 0x00000001007e0400 'jdk/internal/reflect/GeneratedConstructorAccessor124'
Event: 680682.709 Thread 0x000001d45582e400 Unloading class 0x000000010083b800 'jdk/internal/reflect/GeneratedConstructorAccessor123'
Event: 682643.377 Thread 0x000001d45582e400 Unloading class 0x000000010083b800 'jdk/internal/reflect/GeneratedMethodAccessor126'
Event: 682643.377 Thread 0x000001d45582e400 Unloading class 0x00000001007e0400 'jdk/internal/reflect/GeneratedConstructorAccessor128'
Event: 682643.377 Thread 0x000001d45582e400 Unloading class 0x0000000100821c00 'jdk/internal/reflect/GeneratedConstructorAccessor127'

Classes redefined (0 events):
No events

Internal exceptions (20 events):
Event: 529680.893 Thread 0x000001d45b795400 Implicit null exception at 0x000001d44d9861ea to 0x000001d44d98682c
Event: 529680.894 Thread 0x000001d45b795400 Exception <a 'java/lang/NullPointerException'{0x00000000c58884a0}> (0x00000000c58884a0) 
thrown [s\src\hotspot\share\runtime\sharedRuntime.cpp, line 631]
Event: 529695.385 Thread 0x000001d45c5fefc0 Implicit null exception at 0x000001d44d9861ea to 0x000001d44d98682c
Event: 529695.385 Thread 0x000001d45c5fefc0 Exception <a 'java/lang/NullPointerException'{0x00000000c53fa010}> (0x00000000c53fa010) 
thrown [s\src\hotspot\share\runtime\sharedRuntime.cpp, line 631]
Event: 530228.096 Thread 0x000001d45c5fb300 Exception <a 'java/lang/NullPointerException'{0x00000000cdfeba90}> (0x00000000cdfeba90) 
thrown [s\src\hotspot\share\interpreter\linkResolver.cpp, line 1350]
Event: 530279.939 Thread 0x000001d45c5f94a0 Exception <a 'java/lang/NullPointerException'{0x00000000c3e46360}> (0x00000000c3e46360) 
thrown [s\src\hotspot\share\interpreter\linkResolver.cpp, line 1350]
Event: 530341.310 Thread 0x000001d45c5f99b0 Exception <a 'java/lang/NullPointerException'{0x00000000cde93238}> (0x00000000cde93238) 
thrown [s\src\hotspot\share\interpreter\linkResolver.cpp, line 1350]
Event: 530550.324 Thread 0x000001d45c5fb300 Implicit null exception at 0x000001d44e25ec37 to 0x000001d44e25ed5a
Event: 530550.325 Thread 0x000001d45c5fb300 Exception <a 'java/lang/NullPointerException'{0x00000000cde018e8}> (0x00000000cde018e8) 
thrown [s\src\hotspot\share\runtime\sharedRuntime.cpp, line 631]
Event: 530550.325 Thread 0x000001d45c5fdb80 Implicit null exception at 0x000001d44e25ec37 to 0x000001d44e25ed5a
Event: 530550.325 Thread 0x000001d45c5fdb80 Exception <a 'java/lang/NullPointerException'{0x00000000cdf49580}> (0x00000000cdf49580) 
thrown [s\src\hotspot\share\runtime\sharedRuntime.cpp, line 631]
Event: 530890.333 Thread 0x000001d45c5f94a0 Exception <a 'java/lang/NullPointerException'{0x00000000c4cc7988}> (0x00000000c4cc7988) 
thrown [s\src\hotspot\share\interpreter\linkResolver.cpp, line 1350]
Event: 587574.925 Thread 0x000001d45c5fefc0 Exception <a 'java/lang/NullPointerException'{0x00000000c4f1f598}> (0x00000000c4f1f598) 
thrown [s\src\hotspot\share\interpreter\linkResolver.cpp, line 1350]
Event: 588100.711 Thread 0x000001d45c5fd670 Exception <a 'java/lang/NullPointerException'{0x00000000c4a0bc90}> (0x00000000c4a0bc90) 
thrown [s\src\hotspot\share\interpreter\linkResolver.cpp, line 1350]
Event: 588522.334 Thread 0x000001d45c5fd670 Implicit null exception at 0x000001d44e25ec37 to 0x000001d44e25ed5a
Event: 588522.334 Thread 0x000001d45c5fd670 Exception <a 'java/lang/NullPointerException'{0x00000000c42f5778}> (0x00000000c42f5778) 
thrown [s\src\hotspot\share\runtime\sharedRuntime.cpp, line 631]
Event: 679850.854 Thread 0x000001d45c5f8060 Implicit null exception at 0x000001d44e25ec37 to 0x000001d44e25ed5a
Event: 679850.855 Thread 0x000001d45c5fb810 Implicit null exception at 0x000001d44e25ec37 to 0x000001d44e25ed5a
Event: 679850.877 Thread 0x000001d45c5fb810 Exception <a 'java/lang/NullPointerException'{0x00000000c41c51c0}> (0x00000000c41c51c0) 
thrown [s\src\hotspot\share\runtime\sharedRuntime.cpp, line 631]
Event: 679850.996 Thread 0x000001d45c5f8060 Exception <a 'java/lang/NullPointerException'{0x00000000c3c0a188}> (0x00000000c3c0a188) 
thrown [s\src\hotspot\share\runtime\sharedRuntime.cpp, line 631]

VM Operations (20 events):
Event: 686137.649 Executing VM operation: G1CollectFull done
Event: 686147.880 Executing VM operation: G1CollectFull
Event: 686147.932 Executing VM operation: G1CollectFull done
Event: 686158.172 Executing VM operation: G1CollectFull
Event: 686158.226 Executing VM operation: G1CollectFull done
Event: 686168.451 Executing VM operation: G1CollectFull
Event: 686168.487 Executing VM operation: G1CollectFull done
Event: 686178.813 Executing VM operation: G1CollectFull
Event: 686178.857 Executing VM operation: G1CollectFull done
Event: 686189.092 Executing VM operation: G1CollectFull
Event: 686189.135 Executing VM operation: G1CollectFull done
Event: 686199.366 Executing VM operation: G1CollectFull
Event: 686199.396 Executing VM operation: G1CollectFull done
Event: 686209.641 Executing VM operation: G1CollectFull
Event: 686209.677 Executing VM operation: G1CollectFull done
Event: 686219.927 Executing VM operation: G1CollectFull
Event: 686219.962 Executing VM operation: G1CollectFull done
Event: 686230.150 Executing VM operation: G1CollectFull
Event: 686230.187 Executing VM operation: G1CollectFull done
Event: 686240.222 Executing VM operation: G1CollectFull

Events (20 events):
Event: 684828.279 Thread 0x000001d45c5f8f90 Thread exited: 0x000001d45c5f8f90
Event: 684845.840 Thread 0x000001d45c5f8a80 Thread exited: 0x000001d45c5f8a80
Event: 684873.723 Thread 0x000001d45c5fe5a0 Thread added: 0x000001d45c5fe5a0
Event: 684873.725 Thread 0x000001d45c5f8f90 Thread added: 0x000001d45c5f8f90
Event: 684933.759 Thread 0x000001d45c5f8f90 Thread exited: 0x000001d45c5f8f90
Event: 684945.635 Thread 0x000001d45c5fe5a0 Thread exited: 0x000001d45c5fe5a0
Event: 685133.725 Thread 0x000001d45c5fb810 Thread added: 0x000001d45c5fb810
Event: 685133.726 Thread 0x000001d45c5f8f90 Thread added: 0x000001d45c5f8f90
Event: 685137.470 Thread 0x000001d45c5fbd20 Thread added: 0x000001d45c5fbd20
Event: 685151.628 Thread 0x000001d45c5fefc0 Thread added: 0x000001d45c5fefc0
Event: 685158.051 Thread 0x000001d45c5fa3d0 Thread added: 0x000001d45c5fa3d0
Event: 685158.052 Thread 0x000001d45c5fc230 Thread added: 0x000001d45c5fc230
Event: 685167.883 Thread 0x000001d45c5f9ec0 Thread added: 0x000001d45c5f9ec0
Event: 685227.892 Thread 0x000001d45c5f9ec0 Thread exited: 0x000001d45c5f9ec0
Event: 685230.636 Thread 0x000001d45c5fefc0 Thread exited: 0x000001d45c5fefc0
Event: 685230.682 Thread 0x000001d45c5fc230 Thread exited: 0x000001d45c5fc230
Event: 685230.683 Thread 0x000001d45c5fa3d0 Thread exited: 0x000001d45c5fa3d0
Event: 685230.698 Thread 0x000001d45c5fb810 Thread exited: 0x000001d45c5fb810
Event: 685230.698 Thread 0x000001d45c5fbd20 Thread exited: 0x000001d45c5fbd20
Event: 685230.699 Thread 0x000001d45c5f8f90 Thread exited: 0x000001d45c5f8f90


Dynamic libraries:
0x00007ff67a5d0000 - 0x00007ff67a5de000 	c:\Users\ADRI\.vscode\extensions\redhat.java-1.35.1-win32-x64\jre\17.0.12-win32-x86_64\bin\java.exe
0x00007ffdf2f70000 - 0x00007ffdf3187000 	C:\Windows\SYSTEM32\ntdll.dll
0x00007ffdf1730000 - 0x00007ffdf17f4000 	C:\Windows\System32\KERNEL32.DLL
0x00007ffdf0290000 - 0x00007ffdf063d000 	C:\Windows\System32\KERNELBASE.dll
0x00007ffdf06a0000 - 0x00007ffdf07b1000 	C:\Windows\System32\ucrtbase.dll
0x00007ffde8e60000 - 0x00007ffde8e77000 	c:\Users\ADRI\.vscode\extensions\redhat.java-1.35.1-win32-x64\jre\17.0.12-win32-x86_64\bin\jli.dll
0x00007ffdf0e70000 - 0x00007ffdf101e000 	C:\Windows\System32\USER32.dll
0x00007ffde0750000 - 0x00007ffde076b000 	c:\Users\ADRI\.vscode\extensions\redhat.java-1.35.1-win32-x64\jre\17.0.12-win32-x86_64\bin\VCRUNTIME140.dll
0x00007ffdf0670000 - 0x00007ffdf0696000 	C:\Windows\System32\win32u.dll
0x00007ffdf2c40000 - 0x00007ffdf2c69000 	C:\Windows\System32\GDI32.dll
0x00007ffdf08e0000 - 0x00007ffdf09f9000 	C:\Windows\System32\gdi32full.dll
0x00007ffdf07c0000 - 0x00007ffdf085a000 	C:\Windows\System32\msvcp_win.dll
0x00007ffdd2f70000 - 0x00007ffdd3203000 	C:\Windows\WinSxS\amd64_microsoft.windows.common-controls_6595b64144ccf1df_6.0.22621.3672_none_2713b9d173822955\COMCTL32.dll
0x00007ffdf29c0000 - 0x00007ffdf2a67000 	C:\Windows\System32\msvcrt.dll
0x00007ffdf2e30000 - 0x00007ffdf2e61000 	C:\Windows\System32\IMM32.DLL
0x00007ffde8fb0000 - 0x00007ffde8fbc000 	c:\Users\ADRI\.vscode\extensions\redhat.java-1.35.1-win32-x64\jre\17.0.12-win32-x86_64\bin\vcruntime140_1.dll
0x00007ffdae790000 - 0x00007ffdae81d000 	c:\Users\ADRI\.vscode\extensions\redhat.java-1.35.1-win32-x64\jre\17.0.12-win32-x86_64\bin\msvcp140.dll
0x00007ffd86300000 - 0x00007ffd86f6a000 	c:\Users\ADRI\.vscode\extensions\redhat.java-1.35.1-win32-x64\jre\17.0.12-win32-x86_64\bin\server\jvm.dll
0x00007ffdf2d70000 - 0x00007ffdf2e22000 	C:\Windows\System32\ADVAPI32.dll
0x00007ffdf1680000 - 0x00007ffdf1729000 	C:\Windows\System32\sechost.dll
0x00007ffdf0640000 - 0x00007ffdf0668000 	C:\Windows\System32\bcrypt.dll
0x00007ffdf2b20000 - 0x00007ffdf2c34000 	C:\Windows\System32\RPCRT4.dll
0x00007ffdf2eb0000 - 0x00007ffdf2f21000 	C:\Windows\System32\WS2_32.dll
0x00007ffdef100000 - 0x00007ffdef14d000 	C:\Windows\SYSTEM32\POWRPROF.dll
0x00007ffdea6d0000 - 0x00007ffdea704000 	C:\Windows\SYSTEM32\WINMM.dll
0x00007ffde7650000 - 0x00007ffde765a000 	C:\Windows\SYSTEM32\VERSION.dll
0x00007ffdef0e0000 - 0x00007ffdef0f3000 	C:\Windows\SYSTEM32\UMPDC.dll
0x00007ffdef3a0000 - 0x00007ffdef3b8000 	C:\Windows\SYSTEM32\kernel.appcore.dll
0x00007ffde8dd0000 - 0x00007ffde8dda000 	c:\Users\ADRI\.vscode\extensions\redhat.java-1.35.1-win32-x64\jre\17.0.12-win32-x86_64\bin\jimage.dll
0x00007ffdedaf0000 - 0x00007ffdedd22000 	C:\Windows\SYSTEM32\DBGHELP.DLL
0x00007ffdf10a0000 - 0x00007ffdf142e000 	C:\Windows\System32\combase.dll
0x00007ffdf2550000 - 0x00007ffdf2627000 	C:\Windows\System32\OLEAUT32.dll
0x00007ffde66c0000 - 0x00007ffde66f2000 	C:\Windows\SYSTEM32\dbgcore.DLL
0x00007ffdf0860000 - 0x00007ffdf08db000 	C:\Windows\System32\bcryptPrimitives.dll
0x00007ffde0720000 - 0x00007ffde0745000 	c:\Users\ADRI\.vscode\extensions\redhat.java-1.35.1-win32-x64\jre\17.0.12-win32-x86_64\bin\java.dll
0x00007ffde0700000 - 0x00007ffde0718000 	c:\Users\ADRI\.vscode\extensions\redhat.java-1.35.1-win32-x64\jre\17.0.12-win32-x86_64\bin\zip.dll
0x00007ffdf1ce0000 - 0x00007ffdf2547000 	C:\Windows\System32\SHELL32.dll
0x00007ffdee1c0000 - 0x00007ffdeeabf000 	C:\Windows\SYSTEM32\windows.storage.dll
0x00007ffdee080000 - 0x00007ffdee1bf000 	C:\Windows\SYSTEM32\wintypes.dll
0x00007ffdf2c70000 - 0x00007ffdf2d69000 	C:\Windows\System32\SHCORE.dll
0x00007ffdf2630000 - 0x00007ffdf268e000 	C:\Windows\System32\shlwapi.dll
0x00007ffdf01c0000 - 0x00007ffdf01e7000 	C:\Windows\SYSTEM32\profapi.dll
0x00007ffdd6090000 - 0x00007ffdd60a9000 	C:\Users\ADRI\.vscode\extensions\redhat.java-1.35.1-win32-x64\jre\17.0.12-win32-x86_64\bin\net.dll
0x00007ffdec7f0000 - 0x00007ffdec926000 	C:\Windows\SYSTEM32\WINHTTP.dll
0x00007ffdef820000 - 0x00007ffdef889000 	C:\Windows\system32\mswsock.dll
0x00007ffdd1760000 - 0x00007ffdd1776000 	C:\Users\ADRI\.vscode\extensions\redhat.java-1.35.1-win32-x64\jre\17.0.12-win32-x86_64\bin\nio.dll
0x00007ffde5a20000 - 0x00007ffde5a30000 	c:\Users\ADRI\.vscode\extensions\redhat.java-1.35.1-win32-x64\jre\17.0.12-win32-x86_64\bin\verify.dll
0x00007ffdefa90000 - 0x00007ffdefaab000 	C:\Windows\SYSTEM32\CRYPTSP.dll
0x00007ffdef300000 - 0x00007ffdef335000 	C:\Windows\system32\rsaenh.dll
0x00007ffdef910000 - 0x00007ffdef938000 	C:\Windows\SYSTEM32\USERENV.dll
0x00007ffdefab0000 - 0x00007ffdefabc000 	C:\Windows\SYSTEM32\CRYPTBASE.dll
0x00007ffdeed10000 - 0x00007ffdeed3d000 	C:\Windows\SYSTEM32\IPHLPAPI.DLL
0x00007ffdf29b0000 - 0x00007ffdf29b9000 	C:\Windows\System32\NSI.dll
0x00007ffdec300000 - 0x00007ffdec319000 	C:\Windows\SYSTEM32\dhcpcsvc6.DLL
0x00007ffdec290000 - 0x00007ffdec2af000 	C:\Windows\SYSTEM32\dhcpcsvc.DLL
0x00007ffdeed40000 - 0x00007ffdeee38000 	C:\Windows\SYSTEM32\DNSAPI.dll
0x00007ffddf610000 - 0x00007ffddf619000 	C:\Users\ADRI\.vscode\extensions\redhat.java-1.35.1-win32-x64\jre\17.0.12-win32-x86_64\bin\management.dll
0x00007ffddee40000 - 0x00007ffddee4b000 	C:\Users\ADRI\.vscode\extensions\redhat.java-1.35.1-win32-x64\jre\17.0.12-win32-x86_64\bin\management_ext.dll
0x00007ffdf0ca0000 - 0x00007ffdf0ca8000 	C:\Windows\System32\PSAPI.DLL
0x00007ffde4c80000 - 0x00007ffde4c8e000 	C:\Users\ADRI\.vscode\extensions\redhat.java-1.35.1-win32-x64\jre\17.0.12-win32-x86_64\bin\sunmscapi.dll
0x00007ffdf0ac0000 - 0x00007ffdf0c26000 	C:\Windows\System32\CRYPT32.dll
0x00007ffdefc30000 - 0x00007ffdefc5e000 	C:\Windows\SYSTEM32\ncrypt.dll
0x00007ffdefbf0000 - 0x00007ffdefc27000 	C:\Windows\SYSTEM32\NTASN1.dll
0x00007ffdd6160000 - 0x00007ffdd6168000 	C:\Windows\system32\wshunix.dll
0x00007ffde2d80000 - 0x00007ffde2d89000 	C:\Users\ADRI\.vscode\extensions\redhat.java-1.35.1-win32-x64\jre\17.0.12-win32-x86_64\bin\extnet.dll
0x00007ffdeb630000 - 0x00007ffdeb63a000 	C:\Windows\System32\rasadhlp.dll
0x00007ffdeb520000 - 0x00007ffdeb5a3000 	C:\Windows\System32\fwpuclnt.dll

dbghelp: loaded successfully - version: 4.0.5 - missing functions: none
symbol engine: initialized successfully - sym options: 0x614 - pdb path: .;c:\Users\ADRI\.vscode\extensions\redhat.java-1.35.1-win32-x64\jre\17.0.12-win32-x86_64\bin;C:\Windows\SYSTEM32;C:\Windows\WinSxS\amd64_microsoft.windows.common-controls_6595b64144ccf1df_6.0.22621.3672_none_2713b9d173822955;c:\Users\ADRI\.vscode\extensions\redhat.java-1.35.1-win32-x64\jre\17.0.12-win32-x86_64\bin\server

VM Arguments:
jvm_args: -Xmx1024m -Dsts.lsp.client=vscode -Dsts.log.file=/dev/null -XX:TieredStopAtLevel=1 -Xlog:jni+resolve=off 
java_command: c:\Users\ADRI\.vscode\extensions\vmware.vscode-spring-boot-1.57.0\language-server\spring-boot-language-server-1.57.0-SNAPSHOT-exec.jar
java_class_path (initial): c:\Users\ADRI\.vscode\extensions\vmware.vscode-spring-boot-1.57.0\language-server\spring-boot-language-server-1.57.0-SNAPSHOT-exec.jar
Launcher Type: SUN_STANDARD

[Global flags]
     intx CICompilerCount                          = 12                                        {product} {ergonomic}
     uint ConcGCThreads                            = 3                                         {product} {ergonomic}
     uint G1ConcRefinementThreads                  = 13                                        {product} {ergonomic}
   size_t G1HeapRegionSize                         = 1048576                                   {product} {ergonomic}
    uintx GCDrainStackTargetSize                   = 64                                        {product} {ergonomic}
   size_t InitialHeapSize                          = 264241152                                 {product} {ergonomic}
   size_t MarkStackSize                            = 4194304                                   {product} {ergonomic}
   size_t MaxHeapSize                              = 1073741824                                {product} {command line}
   size_t MaxNewSize                               = 643825664                                 {product} {ergonomic}
   size_t MinHeapDeltaBytes                        = 1048576                                   {product} {ergonomic}
   size_t MinHeapSize                              = 8388608                                   {product} {ergonomic}
    uintx NonProfiledCodeHeapSize                  = 0                                      {pd product} {ergonomic}
     bool ProfileInterpreter                       = false                                  {pd product} {command line}
    uintx ProfiledCodeHeapSize                     = 0                                      {pd product} {ergonomic}
   size_t SoftMaxHeapSize                          = 1073741824                             {manageable} {ergonomic}
     intx TieredStopAtLevel                        = 1                                         {product} {command line}
     bool UseCompressedClassPointers               = true                           {product lp64_product} {ergonomic}
     bool UseCompressedOops                        = true                           {product lp64_product} {ergonomic}
     bool UseG1GC                                  = true                                      {product} {ergonomic}
     bool UseLargePagesIndividualAllocation        = false                                  {pd product} {ergonomic}

Logging:
Log output configuration:
 #0: stdout all=warning,jni+resolve=off uptime,level,tags
 #1: stderr all=off uptime,level,tags

Environment Variables:
JAVA_HOME=C:\Users\ADRI\AppData\Local\Programs\Eclipse Adoptium\jdk-17.0.10.7-hotspot\
PATH=C:\Windows\system32;C:\Windows;C:\Windows\System32\Wbem;C:\Windows\System32\WindowsPowerShell\v1.0\;C:\Windows\System32\OpenSSH\;C:\Program Files (x86)\NVIDIA Corporation\PhysX\Common;C:\Program Files\NVIDIA Corporation\NVIDIA NvDLISR;C:\Program Files\Microsoft SQL Server\150\Tools\Binn\;C:\Program Files\Microsoft SQL Server\Client SDK\ODBC\170\Tools\Binn\;C:\Program Files\dotnet\;C:\Program Files (x86)\Windows Kits\10\Windows Performance Toolkit\;C:\Program Files\Git\cmd;C:\Program Files\Docker\Docker\resources\bin;D:\HEROKU\bin;D:\GOOGLECLOUD\google-cloud-sdk\bin;C:\Users\ADRI\AppData\Local\Programs\Eclipse Adoptium\jdk-17.0.10.7-hotspot\bin;C:\Users\ADRI\AppData\Local\Microsoft\WindowsApps;D:\programas\vs code\Microsoft VS Code\bin;D:\programas\flutter\flutter\bin;C:\Users\ADRI\.dotnet\tools;C:\Program Files\PostgreSQL\15\bin;D:\HEROKU\bin
USERNAME=ADRI
OS=Windows_NT
PROCESSOR_IDENTIFIER=Intel64 Family 6 Model 186 Stepping 2, GenuineIntel
TMP=C:\Users\ADRI\AppData\Local\Temp
TEMP=C:\Users\ADRI\AppData\Local\Temp



Periodic native trim disabled


---------------  S Y S T E M  ---------------

OS:
 Windows 11 , 64 bit Build 22621 (10.0.22621.3958)
OS uptime: 16 days 3:05 hours
Hyper-V role detected

CPU: total 16 (initial active 16) (8 cores per cpu, 2 threads per core) family 6 model 186 stepping 2 microcode 0x410e, cx8, cmov, fxsr, ht, mmx, 3dnowpref, sse, sse2, sse3, ssse3, sse4.1, sse4.2, popcnt, lzcnt, tsc, tscinvbit, avx, avx2, aes, erms, clmul, bmi1, bmi2, adx, sha, fma, vzeroupper, clflush, clflushopt, clwb, hv
Processor Information for processor 0
  Max Mhz: 2400, Current Mhz: 2400, Mhz Limit: 2400
Processor Information for processor 1
  Max Mhz: 2400, Current Mhz: 2400, Mhz Limit: 2400
Processor Information for processor 2
  Max Mhz: 2400, Current Mhz: 2400, Mhz Limit: 2400
Processor Information for processor 3
  Max Mhz: 2400, Current Mhz: 1520, Mhz Limit: 2400
Processor Information for processor 4
  Max Mhz: 2400, Current Mhz: 2400, Mhz Limit: 2400
Processor Information for processor 5
  Max Mhz: 2400, Current Mhz: 2400, Mhz Limit: 2400
Processor Information for processor 6
  Max Mhz: 2400, Current Mhz: 2400, Mhz Limit: 2400
Processor Information for processor 7
  Max Mhz: 2400, Current Mhz: 2400, Mhz Limit: 2400
Processor Information for processor 8
  Max Mhz: 2400, Current Mhz: 2400, Mhz Limit: 2400
Processor Information for processor 9
  Max Mhz: 2400, Current Mhz: 2400, Mhz Limit: 2400
Processor Information for processor 10
  Max Mhz: 2400, Current Mhz: 2400, Mhz Limit: 2400
Processor Information for processor 11
  Max Mhz: 2400, Current Mhz: 2400, Mhz Limit: 2400
Processor Information for processor 12
  Max Mhz: 2400, Current Mhz: 1466, Mhz Limit: 2400
Processor Information for processor 13
  Max Mhz: 2400, Current Mhz: 1466, Mhz Limit: 2400
Processor Information for processor 14
  Max Mhz: 2400, Current Mhz: 1466, Mhz Limit: 2400
Processor Information for processor 15
  Max Mhz: 2400, Current Mhz: 1466, Mhz Limit: 2400

Memory: 4k page, system-wide physical 16003M (296M free)
TotalPageFile size 47918M (AvailPageFile size 10M)
current process WorkingSet (physical memory assigned to process): 91M, peak: 229M
current process commit charge ("private bytes"): 301M, peak: 375M

vm_info: OpenJDK 64-Bit Server VM (17.0.12+7) for windows-amd64 JRE (17.0.12+7), built on Jul 16 2024 22:08:24 by "admin" with MS VC++ 16.10 / 16.11 (VS2019)

END.
